<?xml version="1.0" encoding="UTF-8"?>
<testsuite xmlns:xsi="http://www.w3.org/2001/XMLSchema-instance" xsi:noNamespaceSchemaLocation="https://maven.apache.org/surefire/maven-surefire-plugin/xsd/surefire-test-report-3.0.xsd" version="3.0" name="com.mindata.hotelavailability.infrastructure.adapter.rest.SearchControllerTest" time="4.219" tests="4" errors="0" skipped="0" failures="0">
  <properties>
[...]
</properties>
  <testcase name="testCountNotFound" classname="com.mindata.hotelavailability.infrastructure.adapter.rest.SearchControllerTest" time="0.186">
    <system-out><![CDATA[05:38:11.139 [main] INFO org.springframework.test.context.support.AnnotationConfigContextLoaderUtils -- Could not detect default configuration classes for test class [com.mindata.hotelavailability.infrastructure.adapter.rest.SearchControllerTest]: SearchControllerTest does not declare any static, non-private, non-final, nested classes annotated with @Configuration.
05:38:11.524 [main] INFO org.springframework.boot.test.context.SpringBootTestContextBootstrapper -- Found @SpringBootConfiguration com.mindata.hotelavailability.HotelAvailabilityApplication for test class com.mindata.hotelavailability.infrastructure.adapter.rest.SearchControllerTest

  .   ____          _            __ _ _
 /\\ / ___'_ __ _ _(_)_ __  __ _ \ \ \ \
( ( )\___ | '_ | '_| | '_ \/ _` | \ \ \ \
 \\/  ___)| |_)| | | | | || (_| |  ) ) ) )
  '  |____| .__|_| |_|_| |_\__, | / / / /
 =========|_|==============|___/=/_/_/_/
 :: Spring Boot ::                (v3.2.0)

2026-02-23T05:38:12.673-05:00  INFO 34484 --- [hotel-availability] [           main] c.m.h.i.a.rest.SearchControllerTest      : Starting SearchControllerTest using Java 17.0.4.1 with PID 34484 (started by ARLY in C:\Arly\POC\Mindata\hotel-availability)
2026-02-23T05:38:12.675-05:00  INFO 34484 --- [hotel-availability] [           main] c.m.h.i.a.rest.SearchControllerTest      : No active profile set, falling back to 1 default profile: "default"
2026-02-23T05:38:14.652-05:00  INFO 34484 --- [hotel-availability] [           main] o.s.b.t.m.w.SpringBootMockServletContext : Initializing Spring TestDispatcherServlet ''
2026-02-23T05:38:14.652-05:00  INFO 34484 --- [hotel-availability] [           main] o.s.t.web.servlet.TestDispatcherServlet  : Initializing Servlet ''
2026-02-23T05:38:14.655-05:00  INFO 34484 --- [hotel-availability] [           main] o.s.t.web.servlet.TestDispatcherServlet  : Completed initialization in 2 ms
2026-02-23T05:38:14.683-05:00  INFO 34484 --- [hotel-availability] [           main] c.m.h.i.a.rest.SearchControllerTest      : Started SearchControllerTest in 2.963 seconds (process running for 7.277)
]]></system-out>
  </testcase>
  <testcase name="testSearchEndpoint" classname="com.mindata.hotelavailability.infrastructure.adapter.rest.SearchControllerTest" time="0.199"/>
  <testcase name="testCountEndpoint" classname="com.mindata.hotelavailability.infrastructure.adapter.rest.SearchControllerTest" time="0.007"/>
  <testcase name="testSearchValidation" classname="com.mindata.hotelavailability.infrastructure.adapter.rest.SearchControllerTest" time="0.016">
    <system-out><![CDATA[2026-02-23T05:38:15.103-05:00  WARN 34484 --- [hotel-availability] [           main] .w.s.m.s.DefaultHandlerExceptionResolver : Resolved [org.springframework.web.bind.MethodArgumentNotValidException: Validation failed for argument [0] in public org.springframework.http.ResponseEntity<com.mindata.hotelavailability.domain.model.SearchResponse> com.mindata.hotelavailability.infrastructure.adapter.rest.SearchController.search(com.mindata.hotelavailability.domain.model.SearchRequest) with 6 errors: [Field error in object 'searchRequest' on field 'checkOut': rejected value []; codes [Pattern.searchRequest.checkOut,Pattern.checkOut,Pattern.java.lang.String,Pattern]; arguments [org.springframework.context.support.DefaultMessageSourceResolvable: codes [searchRequest.checkOut,checkOut]; arguments []; default message [checkOut],[Ljakarta.validation.constraints.Pattern$Flag;@7e772d11,\d{2}/\d{2}/\d{4}]; default message [checkOut must be in format dd/MM/yyyy]] [Field error in object 'searchRequest' on field 'checkIn': rejected value []; codes [Pattern.searchRequest.checkIn,Pattern.checkIn,Pattern.java.lang.String,Pattern]; arguments [org.springframework.context.support.DefaultMessageSourceResolvable: codes [searchRequest.checkIn,checkIn]; arguments []; default message [checkIn],[Ljakarta.validation.constraints.Pattern$Flag;@7e772d11,\d{2}/\d{2}/\d{4}]; default message [checkIn must be in format dd/MM/yyyy]] [Field error in object 'searchRequest' on field 'checkOut': rejected value []; codes [NotBlank.searchRequest.checkOut,NotBlank.checkOut,NotBlank.java.lang.String,NotBlank]; arguments [org.springframework.context.support.DefaultMessageSourceResolvable: codes [searchRequest.checkOut,checkOut]; arguments []; default message [checkOut]]; default message [checkOut is required]] [Field error in object 'searchRequest' on field 'ages': rejected value [null]; codes [NotNull.searchRequest.ages,NotNull.ages,NotNull.java.util.List,NotNull]; arguments [org.springframework.context.support.DefaultMessageSourceResolvable: codes [searchRequest.ages,ages]; arguments []; default message [ages]]; default message [ages is required]] [Field error in object 'searchRequest' on field 'hotelId': rejected value []; codes [NotBlank.searchRequest.hotelId,NotBlank.hotelId,NotBlank.java.lang.String,NotBlank]; arguments [org.springframework.context.support.DefaultMessageSourceResolvable: codes [searchRequest.hotelId,hotelId]; arguments []; default message [hotelId]]; default message [hotelId is required]] [Field error in object 'searchRequest' on field 'checkIn': rejected value []; codes [NotBlank.searchRequest.checkIn,NotBlank.checkIn,NotBlank.java.lang.String,NotBlank]; arguments [org.springframework.context.support.DefaultMessageSourceResolvable: codes [searchRequest.checkIn,checkIn]; arguments []; default message [checkIn]]; default message [checkIn is required]] ]
]]></system-out>
  </testcase>
</testsuite>